2026-01-18 15:02:22,208 - enhanced_file_scanner_v2.0.0 - INFO - Loaded identity config: scope=720066
2026-01-18 15:02:22,208 - enhanced_file_scanner_v2.0.0 - INFO - Resuming scan, skipping 0 already processed paths
2026-01-18 15:02:22,208 - enhanced_file_scanner_v2.0.0 - INFO - Starting scan of: C:\Users\richg\eafix-modular\id_16_digit
2026-01-18 15:02:22,208 - enhanced_file_scanner_v2.0.0 - INFO - Output formats: csv
2026-01-18 15:02:22,267 - enhanced_file_scanner_v2.0.0 - INFO - ==================================================
2026-01-18 15:02:22,267 - enhanced_file_scanner_v2.0.0 - INFO - SCAN COMPLETE - SUMMARY
2026-01-18 15:02:22,267 - enhanced_file_scanner_v2.0.0 - INFO - ==================================================
2026-01-18 15:02:22,267 - enhanced_file_scanner_v2.0.0 - INFO - Files processed: 11
2026-01-18 15:02:22,267 - enhanced_file_scanner_v2.0.0 - INFO - Directories processed: 4
2026-01-18 15:02:22,267 - enhanced_file_scanner_v2.0.0 - INFO - Total size: 0.00 GB
2026-01-18 15:02:22,267 - enhanced_file_scanner_v2.0.0 - INFO - Elapsed time: 0.1 seconds
2026-01-18 15:02:22,267 - enhanced_file_scanner_v2.0.0 - INFO - Average rate: 171.5 files/second
2026-01-18 15:02:22,267 - enhanced_file_scanner_v2.0.0 - INFO - 
Output files generated:
2026-01-18 15:02:22,267 - enhanced_file_scanner_v2.0.0 - INFO -   file_scan_20260118_150222.csv (0.0 MB)
2026-01-18 15:02:22,267 - enhanced_file_scanner_v2.0.0 - INFO - Scan completed successfully!
2026-01-18 15:02:58,749 - enhanced_file_scanner_v2.0.0 - INFO - Loaded identity config: scope=720066
2026-01-18 15:02:58,749 - enhanced_file_scanner_v2.0.0 - INFO - Resuming scan, skipping 0 already processed paths
2026-01-18 15:02:58,749 - enhanced_file_scanner_v2.0.0 - INFO - Starting scan of: C:\Users\richg\eafix-modular
2026-01-18 15:02:58,749 - enhanced_file_scanner_v2.0.0 - INFO - Output formats: csv
2026-01-18 15:02:59,118 - enhanced_file_scanner_v2.0.0 - INFO - ==================================================
2026-01-18 15:02:59,118 - enhanced_file_scanner_v2.0.0 - INFO - SCAN COMPLETE - SUMMARY
2026-01-18 15:02:59,118 - enhanced_file_scanner_v2.0.0 - INFO - ==================================================
2026-01-18 15:02:59,118 - enhanced_file_scanner_v2.0.0 - INFO - Files processed: 571
2026-01-18 15:02:59,118 - enhanced_file_scanner_v2.0.0 - INFO - Directories processed: 195
2026-01-18 15:02:59,118 - enhanced_file_scanner_v2.0.0 - INFO - Total size: 0.01 GB
2026-01-18 15:02:59,118 - enhanced_file_scanner_v2.0.0 - INFO - Elapsed time: 0.4 seconds
2026-01-18 15:02:59,118 - enhanced_file_scanner_v2.0.0 - INFO - Average rate: 1501.0 files/second
2026-01-18 15:02:59,118 - enhanced_file_scanner_v2.0.0 - INFO - 
Output files generated:
2026-01-18 15:02:59,118 - enhanced_file_scanner_v2.0.0 - INFO -   file_scan_20260118_150258.csv (0.3 MB)
2026-01-18 15:02:59,118 - enhanced_file_scanner_v2.0.0 - INFO - Scan completed successfully!
2026-01-18 15:07:43,140 - enhanced_file_scanner_v2.0.0 - INFO - Loaded identity config: scope=720066
2026-01-18 15:07:43,140 - enhanced_file_scanner_v2.0.0 - INFO - Resuming scan, skipping 0 already processed paths
2026-01-18 15:07:43,140 - enhanced_file_scanner_v2.0.0 - INFO - Starting scan of: C:\Users\richg\eafix-modular\id_16_digit
2026-01-18 15:07:43,140 - enhanced_file_scanner_v2.0.0 - INFO - Output formats: csv
2026-01-18 15:07:43,198 - enhanced_file_scanner_v2.0.0 - INFO - ==================================================
2026-01-18 15:07:43,198 - enhanced_file_scanner_v2.0.0 - INFO - SCAN COMPLETE - SUMMARY
2026-01-18 15:07:43,198 - enhanced_file_scanner_v2.0.0 - INFO - ==================================================
2026-01-18 15:07:43,198 - enhanced_file_scanner_v2.0.0 - INFO - Files processed: 15
2026-01-18 15:07:43,198 - enhanced_file_scanner_v2.0.0 - INFO - Directories processed: 4
2026-01-18 15:07:43,198 - enhanced_file_scanner_v2.0.0 - INFO - Total size: 0.00 GB
2026-01-18 15:07:43,198 - enhanced_file_scanner_v2.0.0 - INFO - Elapsed time: 0.1 seconds
2026-01-18 15:07:43,198 - enhanced_file_scanner_v2.0.0 - INFO - Average rate: 220.1 files/second
2026-01-18 15:07:43,198 - enhanced_file_scanner_v2.0.0 - INFO - 
Output files generated:
2026-01-18 15:07:43,198 - enhanced_file_scanner_v2.0.0 - INFO -   file_scan_20260118_150743.csv (0.0 MB)
2026-01-18 15:07:43,198 - enhanced_file_scanner_v2.0.0 - INFO - Scan completed successfully!
2026-01-18 15:08:38,960 - enhanced_file_scanner_v2.0.0 - INFO - Loaded identity config: scope=720066
2026-01-18 15:08:38,962 - enhanced_file_scanner_v2.0.0 - INFO - Resuming scan, skipping 0 already processed paths
2026-01-18 15:08:38,962 - enhanced_file_scanner_v2.0.0 - INFO - Starting scan of: C:\Users\richg\eafix-modular\id_16_digit
2026-01-18 15:08:38,962 - enhanced_file_scanner_v2.0.0 - INFO - Output formats: csv
2026-01-18 15:08:39,016 - enhanced_file_scanner_v2.0.0 - INFO - ==================================================
2026-01-18 15:08:39,016 - enhanced_file_scanner_v2.0.0 - INFO - SCAN COMPLETE - SUMMARY
2026-01-18 15:08:39,018 - enhanced_file_scanner_v2.0.0 - INFO - ==================================================
2026-01-18 15:08:39,018 - enhanced_file_scanner_v2.0.0 - INFO - Files processed: 16
2026-01-18 15:08:39,018 - enhanced_file_scanner_v2.0.0 - INFO - Directories processed: 4
2026-01-18 15:08:39,018 - enhanced_file_scanner_v2.0.0 - INFO - Total size: 0.00 GB
2026-01-18 15:08:39,018 - enhanced_file_scanner_v2.0.0 - INFO - Elapsed time: 0.1 seconds
2026-01-18 15:08:39,018 - enhanced_file_scanner_v2.0.0 - INFO - Average rate: 227.7 files/second
2026-01-18 15:08:39,018 - enhanced_file_scanner_v2.0.0 - INFO - 
Output files generated:
2026-01-18 15:08:39,018 - enhanced_file_scanner_v2.0.0 - INFO -   file_scan_20260118_150838.csv (0.0 MB)
2026-01-18 15:08:39,018 - enhanced_file_scanner_v2.0.0 - INFO - Scan completed successfully!
2026-01-18 17:00:24,118 - enhanced_file_scanner_v2.0.0 - INFO - Loaded identity config: scope=720066
2026-01-18 17:00:24,118 - enhanced_file_scanner_v2.0.0 - INFO - Resuming scan, skipping 0 already processed paths
2026-01-18 17:00:24,118 - enhanced_file_scanner_v2.0.0 - INFO - Starting scan of: C:\Users\richg\eafix-modular
2026-01-18 17:00:24,118 - enhanced_file_scanner_v2.0.0 - INFO - Output formats: markdown, csv
2026-01-18 17:00:24,503 - enhanced_file_scanner_v2.0.0 - INFO - ==================================================
2026-01-18 17:00:24,503 - enhanced_file_scanner_v2.0.0 - INFO - SCAN COMPLETE - SUMMARY
2026-01-18 17:00:24,503 - enhanced_file_scanner_v2.0.0 - INFO - ==================================================
2026-01-18 17:00:24,503 - enhanced_file_scanner_v2.0.0 - INFO - Files processed: 594
2026-01-18 17:00:24,503 - enhanced_file_scanner_v2.0.0 - INFO - Directories processed: 203
2026-01-18 17:00:24,503 - enhanced_file_scanner_v2.0.0 - INFO - Total size: 0.01 GB
2026-01-18 17:00:24,503 - enhanced_file_scanner_v2.0.0 - INFO - Elapsed time: 0.4 seconds
2026-01-18 17:00:24,503 - enhanced_file_scanner_v2.0.0 - INFO - Average rate: 1484.1 files/second
2026-01-18 17:00:24,503 - enhanced_file_scanner_v2.0.0 - INFO - 
Output files generated:
2026-01-18 17:00:24,503 - enhanced_file_scanner_v2.0.0 - INFO -   file_scan_20260118_170024.md (0.1 MB)
2026-01-18 17:00:24,503 - enhanced_file_scanner_v2.0.0 - INFO -   file_scan_20260118_170024.csv (0.3 MB)
2026-01-18 17:00:24,503 - enhanced_file_scanner_v2.0.0 - INFO - Scan completed successfully!
2026-01-18 17:00:30,163 - enhanced_file_scanner_v2.0.0 - INFO - Loaded identity config: scope=720066
2026-01-18 17:00:30,163 - enhanced_file_scanner_v2.0.0 - INFO - Resuming scan, skipping 0 already processed paths
2026-01-18 17:00:30,163 - enhanced_file_scanner_v2.0.0 - INFO - Starting scan of: C:\Users\richg\eafix-modular
2026-01-18 17:00:30,163 - enhanced_file_scanner_v2.0.0 - INFO - Output formats: markdown, csv
2026-01-18 17:00:30,564 - enhanced_file_scanner_v2.0.0 - INFO - ==================================================
2026-01-18 17:00:30,564 - enhanced_file_scanner_v2.0.0 - INFO - SCAN COMPLETE - SUMMARY
2026-01-18 17:00:30,564 - enhanced_file_scanner_v2.0.0 - INFO - ==================================================
2026-01-18 17:00:30,564 - enhanced_file_scanner_v2.0.0 - INFO - Files processed: 594
2026-01-18 17:00:30,564 - enhanced_file_scanner_v2.0.0 - INFO - Directories processed: 203
2026-01-18 17:00:30,564 - enhanced_file_scanner_v2.0.0 - INFO - Total size: 0.01 GB
2026-01-18 17:00:30,564 - enhanced_file_scanner_v2.0.0 - INFO - Elapsed time: 0.4 seconds
2026-01-18 17:00:30,564 - enhanced_file_scanner_v2.0.0 - INFO - Average rate: 1444.2 files/second
2026-01-18 17:00:30,566 - enhanced_file_scanner_v2.0.0 - INFO - 
Output files generated:
2026-01-18 17:00:30,566 - enhanced_file_scanner_v2.0.0 - INFO -   file_scan_20260118_170030.md (0.1 MB)
2026-01-18 17:00:30,566 - enhanced_file_scanner_v2.0.0 - INFO -   file_scan_20260118_170030.csv (0.3 MB)
2026-01-18 17:00:30,566 - enhanced_file_scanner_v2.0.0 - INFO - Scan completed successfully!
2026-01-18 17:42:17,411 - enhanced_file_scanner_v2.0.0 - INFO - Resuming scan, skipping 0 already processed paths
2026-01-18 17:42:17,411 - enhanced_file_scanner_v2.0.0 - INFO - Starting scan of: C:\Users\richg\eafix-modular
2026-01-18 17:42:17,411 - enhanced_file_scanner_v2.0.0 - INFO - Output formats: markdown, csv
2026-01-18 17:42:17,750 - enhanced_file_scanner_v2.0.0 - INFO - ==================================================
2026-01-18 17:42:17,752 - enhanced_file_scanner_v2.0.0 - INFO - SCAN COMPLETE - SUMMARY
2026-01-18 17:42:17,752 - enhanced_file_scanner_v2.0.0 - INFO - ==================================================
2026-01-18 17:42:17,752 - enhanced_file_scanner_v2.0.0 - INFO - Files processed: 545
2026-01-18 17:42:17,752 - enhanced_file_scanner_v2.0.0 - INFO - Directories processed: 194
2026-01-18 17:42:17,752 - enhanced_file_scanner_v2.0.0 - INFO - Total size: 0.01 GB
2026-01-18 17:42:17,752 - enhanced_file_scanner_v2.0.0 - INFO - Elapsed time: 0.3 seconds
2026-01-18 17:42:17,752 - enhanced_file_scanner_v2.0.0 - INFO - Average rate: 1610.4 files/second
2026-01-18 17:42:17,752 - enhanced_file_scanner_v2.0.0 - INFO - 
Output files generated:
2026-01-18 17:42:17,752 - enhanced_file_scanner_v2.0.0 - INFO -   file_scan_20260118_174217.md (0.1 MB)
2026-01-18 17:42:17,752 - enhanced_file_scanner_v2.0.0 - INFO -   file_scan_20260118_174217.csv (0.3 MB)
2026-01-18 17:42:17,752 - enhanced_file_scanner_v2.0.0 - INFO - Scan completed successfully!
2026-01-19 03:52:57,033 - enhanced_file_scanner_v2.0.0 - INFO - Loaded identity config: scope=260118
2026-01-19 03:52:57,034 - enhanced_file_scanner_v2.0.0 - INFO - Resuming scan, skipping 0 already processed paths
2026-01-19 03:52:57,034 - enhanced_file_scanner_v2.0.0 - INFO - Starting scan of: C:\Users\richg\eafix-modular
2026-01-19 03:52:57,034 - enhanced_file_scanner_v2.0.0 - INFO - Output formats: csv
2026-01-19 03:52:57,388 - enhanced_file_scanner_v2.0.0 - INFO - ==================================================
2026-01-19 03:52:57,400 - enhanced_file_scanner_v2.0.0 - INFO - SCAN COMPLETE - SUMMARY
2026-01-19 03:52:57,400 - enhanced_file_scanner_v2.0.0 - INFO - ==================================================
2026-01-19 03:52:57,400 - enhanced_file_scanner_v2.0.0 - INFO - Files processed: 549
2026-01-19 03:52:57,401 - enhanced_file_scanner_v2.0.0 - INFO - Directories processed: 194
2026-01-19 03:52:57,401 - enhanced_file_scanner_v2.0.0 - INFO - Total size: 0.01 GB
2026-01-19 03:52:57,401 - enhanced_file_scanner_v2.0.0 - INFO - Elapsed time: 0.4 seconds
2026-01-19 03:52:57,401 - enhanced_file_scanner_v2.0.0 - INFO - Average rate: 1448.6 files/second
2026-01-19 03:52:57,401 - enhanced_file_scanner_v2.0.0 - INFO - 
Output files generated:
2026-01-19 03:52:57,401 - enhanced_file_scanner_v2.0.0 - INFO -   file_scan_20260119_035257.csv (0.3 MB)
2026-01-19 03:52:57,401 - enhanced_file_scanner_v2.0.0 - INFO - Scan completed successfully!
2026-01-19 03:57:54,036 - enhanced_file_scanner_v2.0.0 - ERROR - Fatal error during scan: Scan path is not a directory: C:\Users\richg\Downloads\IDENTITY_CONFIG.yaml
Traceback (most recent call last):
  File "C:\Users\richg\Downloads\Enhanced File Scanner v2 (1).py", line 518, in scan
    self._validate_config()
  File "C:\Users\richg\Downloads\Enhanced File Scanner v2 (1).py", line 567, in _validate_config
    raise ValueError(f"Scan path is not a directory: {self.config.scan_path}")
ValueError: Scan path is not a directory: C:\Users\richg\Downloads\IDENTITY_CONFIG.yaml
